<?xml version="1.0" encoding="UTF-8"?>
<testsuite xmlns:xsi="http://www.w3.org/2001/XMLSchema-instance" xsi:noNamespaceSchemaLocation="https://maven.apache.org/surefire/maven-surefire-plugin/xsd/surefire-test-report.xsd" name="com.rgov.jsondot.JsonDotTest" time="0.386" tests="24" errors="0" skipped="0" failures="0">
  <properties>
[...]
</properties>
  <testcase name="testBasicOperations" classname="com.rgov.jsondot.JsonDotTest" time="0.175"/>
  <testcase name="testNestedObjectAccess" classname="com.rgov.jsondot.JsonDotTest" time="0"/>
  <testcase name="testArrayOperations" classname="com.rgov.jsondot.JsonDotTest" time="0.004"/>
  <testcase name="testPathSuggestions" classname="com.rgov.jsondot.JsonDotTest" time="0.002"/>
  <testcase name="testWildcardQueries" classname="com.rgov.jsondot.JsonDotTest" time="0.004"/>
  <testcase name="testArrayFiltering" classname="com.rgov.jsondot.JsonDotTest" time="0.004"/>
  <testcase name="testModifications" classname="com.rgov.jsondot.JsonDotTest" time="0.004"/>
  <testcase name="testXMLConversion" classname="com.rgov.jsondot.JsonDotTest" time="0.077"/>
  <testcase name="testErrorHandling" classname="com.rgov.jsondot.JsonDotTest" time="0.007"/>
  <testcase name="testComprehensivePathOperations" classname="com.rgov.jsondot.JsonDotTest" time="0.006"/>
  <testcase name="testMultiplePathOperations" classname="com.rgov.jsondot.JsonDotTest" time="0.009"/>
  <testcase name="testDeepMerge" classname="com.rgov.jsondot.JsonDotTest" time="0.006"/>
  <testcase name="testDeepMergeWithNull" classname="com.rgov.jsondot.JsonDotTest" time="0.002"/>
  <testcase name="testDeepMergeWithArrays" classname="com.rgov.jsondot.JsonDotTest" time="0.004"/>
  <testcase name="testIsValidJson" classname="com.rgov.jsondot.JsonDotTest" time="0.002"/>
  <testcase name="testToXml" classname="com.rgov.jsondot.JsonDotTest" time="0.006"/>
  <testcase name="testFromXml" classname="com.rgov.jsondot.JsonDotTest" time="0.005"/>
  <testcase name="testDeepMergeWithNulls" classname="com.rgov.jsondot.JsonDotTest" time="0.002"/>
  <testcase name="testOverwriteStrategy" classname="com.rgov.jsondot.JsonDotTest" time="0.005"/>
  <testcase name="testUpdateValues" classname="com.rgov.jsondot.JsonDotTest" time="0.004"/>
  <testcase name="testUpdateWithInvalidPaths" classname="com.rgov.jsondot.JsonDotTest" time="0.01"/>
  <testcase name="testWildcardArrayAddElement" classname="com.rgov.jsondot.JsonDotTest" time="0.002"/>
  <testcase name="testWildcardArrayRemoveElement" classname="com.rgov.jsondot.JsonDotTest" time="0"/>
  <testcase name="testWildcardArrayGet" classname="com.rgov.jsondot.JsonDotTest" time="0.001"/>
</testsuite>